<?xml version="1.0" encoding="UTF-8"?>
<!-- Generated by org.testng.reporters.JUnitReportReporter -->
<testsuite skipped="0" hostname="DESKTOP-DPD70NP" name="qaclickacademy.mavenjava.AppiumTest" tests="2" failures="0" timestamp="2021-03-09T14:29:47 IST" time="0.005" errors="0">
  <testcase name="NativeAppAndroid" time="0.005" classname="qaclickacademy.mavenjava.AppiumTest"/>
  <system-out/>
  <testcase name="NativeAppiOS" time="0.000" classname="qaclickacademy.mavenjava.AppiumTest"/>
  <system-out/>
</testsuite> <!-- qaclickacademy.mavenjava.AppiumTest -->
