<?xml version="1.0" encoding="UTF-8"?>
<!-- Generated by org.testng.reporters.JUnitReportReporter -->
<testsuite skipped="0" hostname="DESKTOP-DPD70NP" name="qaclickacademy.mavenjava.SeleniumTest" tests="2" failures="0" timestamp="2021-03-09T14:29:47 IST" time="0.000" errors="0">
  <testcase name="elementsUI" time="0.000" classname="qaclickacademy.mavenjava.SeleniumTest"/>
  <system-out/>
  <testcase name="BrowserAutomation" time="0.000" classname="qaclickacademy.mavenjava.SeleniumTest"/>
  <system-out/>
</testsuite> <!-- qaclickacademy.mavenjava.SeleniumTest -->
